Started GET "/" for 127.0.0.1 at 2020-02-09 11:06:47 +0700
  
ActiveRecord::NoDatabaseError (FATAL:  database "myapp_development" does not exist
):
  
activerecord (6.0.2.1) lib/active_record/connection_adapters/postgresql_adapter.rb:50:in `rescue in postgresql_connection'
activerecord (6.0.2.1) lib/active_record/connection_adapters/postgresql_adapter.rb:33:in `postgresql_connection'
activerecord (6.0.2.1) lib/active_record/connection_adapters/abstract/connection_pool.rb:889:in `new_connection'
activerecord (6.0.2.1) lib/active_record/connection_adapters/abstract/connection_pool.rb:933:in `checkout_new_connection'
activerecord (6.0.2.1) lib/active_record/connection_adapters/abstract/connection_pool.rb:912:in `try_to_checkout_new_connection'
activerecord (6.0.2.1) lib/active_record/connection_adapters/abstract/connection_pool.rb:873:in `acquire_connection'
activerecord (6.0.2.1) lib/active_record/connection_adapters/abstract/connection_pool.rb:595:in `checkout'
activerecord (6.0.2.1) lib/active_record/connection_adapters/abstract/connection_pool.rb:439:in `connection'
activerecord (6.0.2.1) lib/active_record/connection_adapters/abstract/connection_pool.rb:1121:in `retrieve_connection'
activerecord (6.0.2.1) lib/active_record/connection_handling.rb:238:in `retrieve_connection'
activerecord (6.0.2.1) lib/active_record/connection_handling.rb:206:in `connection'
activerecord (6.0.2.1) lib/active_record/migration.rb:562:in `call'
actionpack (6.0.2.1) lib/action_dispatch/middleware/callbacks.rb:27:in `block in call'
activesupport (6.0.2.1) lib/active_support/callbacks.rb:101:in `run_callbacks'
actionpack (6.0.2.1) lib/action_dispatch/middleware/callbacks.rb:26:in `call'
actionpack (6.0.2.1) lib/action_dispatch/middleware/executor.rb:14:in `call'
actionpack (6.0.2.1) lib/action_dispatch/middleware/actionable_exceptions.rb:17:in `call'
actionpack (6.0.2.1) lib/action_dispatch/middleware/debug_exceptions.rb:32:in `call'
web-console (4.0.1) lib/web_console/middleware.rb:132:in `call_app'
web-console (4.0.1) lib/web_console/middleware.rb:28:in `block in call'
web-console (4.0.1) lib/web_console/middleware.rb:17:in `catch'
web-console (4.0.1) lib/web_console/middleware.rb:17:in `call'
actionpack (6.0.2.1) lib/action_dispatch/middleware/show_exceptions.rb:33:in `call'
railties (6.0.2.1) lib/rails/rack/logger.rb:38:in `call_app'
railties (6.0.2.1) lib/rails/rack/logger.rb:26:in `block in call'
activesupport (6.0.2.1) lib/active_support/tagged_logging.rb:80:in `block in tagged'
activesupport (6.0.2.1) lib/active_support/tagged_logging.rb:28:in `tagged'
activesupport (6.0.2.1) lib/active_support/tagged_logging.rb:80:in `tagged'
railties (6.0.2.1) lib/rails/rack/logger.rb:26:in `call'
sprockets-rails (3.2.1) lib/sprockets/rails/quiet_assets.rb:13:in `call'
actionpack (6.0.2.1) lib/action_dispatch/middleware/remote_ip.rb:81:in `call'
actionpack (6.0.2.1) lib/action_dispatch/middleware/request_id.rb:27:in `call'
rack (2.2.0) lib/rack/method_override.rb:24:in `call'
rack (2.2.0) lib/rack/runtime.rb:22:in `call'
activesupport (6.0.2.1) lib/active_support/cache/strategy/local_cache_middleware.rb:29:in `call'
actionpack (6.0.2.1) lib/action_dispatch/middleware/executor.rb:14:in `call'
actionpack (6.0.2.1) lib/action_dispatch/middleware/static.rb:126:in `call'
rack (2.2.0) lib/rack/sendfile.rb:110:in `call'
actionpack (6.0.2.1) lib/action_dispatch/middleware/host_authorization.rb:83:in `call'
webpacker (4.2.2) lib/webpacker/dev_server_proxy.rb:23:in `perform_request'
rack-proxy (0.6.5) lib/rack/proxy.rb:57:in `call'
railties (6.0.2.1) lib/rails/engine.rb:526:in `call'
puma (4.3.1) lib/puma/configuration.rb:228:in `call'
puma (4.3.1) lib/puma/server.rb:681:in `handle_request'
puma (4.3.1) lib/puma/server.rb:472:in `process_client'
puma (4.3.1) lib/puma/server.rb:328:in `block in run'
puma (4.3.1) lib/puma/thread_pool.rb:134:in `block in spawn_thread'
  [1m[35m (572.3ms)[0m  [1m[35mCREATE DATABASE "myapp_development" ENCODING = 'unicode'[0m
  [1m[35m (804.3ms)[0m  [1m[35mCREATE DATABASE "myapp_test" ENCODING = 'unicode'[0m
Started GET "/" for 127.0.0.1 at 2020-02-09 11:09:33 +0700
Processing by Rails::WelcomeController#index as HTML
  Rendering /home/atjeprahmat/gems/gems/railties-6.0.2.1/lib/rails/templates/rails/welcome/index.html.erb
  Rendered /home/atjeprahmat/gems/gems/railties-6.0.2.1/lib/rails/templates/rails/welcome/index.html.erb (Duration: 5.0ms | Allocations: 309)
Completed 200 OK in 13ms (Views: 6.3ms | ActiveRecord: 0.0ms | Allocations: 1730)


  [1m[35m (148.0ms)[0m  [1m[35mCREATE TABLE "schema_migrations" ("version" character varying NOT NULL PRIMARY KEY)[0m
  [1m[35m (76.1ms)[0m  [1m[35mCREATE TABLE "ar_internal_metadata" ("key" character varying NOT NULL PRIMARY KEY, "value" character varying, "created_at" timestamp(6) NOT NULL, "updated_at" timestamp(6) NOT NULL)[0m
  [1m[35m (0.5ms)[0m  [1m[34mSELECT pg_try_advisory_lock(7864839756650184315)[0m
  [1m[35m (0.5ms)[0m  [1m[34mSELECT "schema_migrations"."version" FROM "schema_migrations" ORDER BY "schema_migrations"."version" ASC[0m
Migrating to CreateBooks (20200209040954)
  [1m[35m (0.3ms)[0m  [1m[34mSELECT pg_advisory_unlock(7864839756650184315)[0m
  [1m[35m (0.4ms)[0m  [1m[34mSELECT pg_try_advisory_lock(7864839756650184315)[0m
  [1m[35m (1.1ms)[0m  [1m[34mSELECT "schema_migrations"."version" FROM "schema_migrations" ORDER BY "schema_migrations"."version" ASC[0m
Migrating to CreateBooks (20200209040954)
  [1m[35m (0.4ms)[0m  [1m[34mSELECT pg_advisory_unlock(7864839756650184315)[0m
Started GET "/" for 127.0.0.1 at 2020-02-09 11:15:25 +0700
  [1m[35m (0.9ms)[0m  [1m[34mSELECT "schema_migrations"."version" FROM "schema_migrations" ORDER BY "schema_migrations"."version" ASC[0m
  
ActiveRecord::PendingMigrationError (

Migrations are pending. To resolve this issue, run:

        rails db:migrate RAILS_ENV=development

):
  
activerecord (6.0.2.1) lib/active_record/migration.rb:587:in `check_pending!'
activerecord (6.0.2.1) lib/active_record/migration.rb:564:in `call'
actionpack (6.0.2.1) lib/action_dispatch/middleware/callbacks.rb:27:in `block in call'
activesupport (6.0.2.1) lib/active_support/callbacks.rb:101:in `run_callbacks'
actionpack (6.0.2.1) lib/action_dispatch/middleware/callbacks.rb:26:in `call'
actionpack (6.0.2.1) lib/action_dispatch/middleware/executor.rb:14:in `call'
actionpack (6.0.2.1) lib/action_dispatch/middleware/actionable_exceptions.rb:17:in `call'
actionpack (6.0.2.1) lib/action_dispatch/middleware/debug_exceptions.rb:32:in `call'
web-console (4.0.1) lib/web_console/middleware.rb:132:in `call_app'
web-console (4.0.1) lib/web_console/middleware.rb:28:in `block in call'
web-console (4.0.1) lib/web_console/middleware.rb:17:in `catch'
web-console (4.0.1) lib/web_console/middleware.rb:17:in `call'
actionpack (6.0.2.1) lib/action_dispatch/middleware/show_exceptions.rb:33:in `call'
railties (6.0.2.1) lib/rails/rack/logger.rb:38:in `call_app'
railties (6.0.2.1) lib/rails/rack/logger.rb:26:in `block in call'
activesupport (6.0.2.1) lib/active_support/tagged_logging.rb:80:in `block in tagged'
activesupport (6.0.2.1) lib/active_support/tagged_logging.rb:28:in `tagged'
activesupport (6.0.2.1) lib/active_support/tagged_logging.rb:80:in `tagged'
railties (6.0.2.1) lib/rails/rack/logger.rb:26:in `call'
sprockets-rails (3.2.1) lib/sprockets/rails/quiet_assets.rb:13:in `call'
actionpack (6.0.2.1) lib/action_dispatch/middleware/remote_ip.rb:81:in `call'
actionpack (6.0.2.1) lib/action_dispatch/middleware/request_id.rb:27:in `call'
rack (2.2.0) lib/rack/method_override.rb:24:in `call'
rack (2.2.0) lib/rack/runtime.rb:22:in `call'
activesupport (6.0.2.1) lib/active_support/cache/strategy/local_cache_middleware.rb:29:in `call'
actionpack (6.0.2.1) lib/action_dispatch/middleware/executor.rb:14:in `call'
actionpack (6.0.2.1) lib/action_dispatch/middleware/static.rb:126:in `call'
rack (2.2.0) lib/rack/sendfile.rb:110:in `call'
actionpack (6.0.2.1) lib/action_dispatch/middleware/host_authorization.rb:83:in `call'
webpacker (4.2.2) lib/webpacker/dev_server_proxy.rb:23:in `perform_request'
rack-proxy (0.6.5) lib/rack/proxy.rb:57:in `call'
railties (6.0.2.1) lib/rails/engine.rb:526:in `call'
puma (4.3.1) lib/puma/configuration.rb:228:in `call'
puma (4.3.1) lib/puma/server.rb:681:in `handle_request'
puma (4.3.1) lib/puma/server.rb:472:in `process_client'
puma (4.3.1) lib/puma/server.rb:328:in `block in run'
puma (4.3.1) lib/puma/thread_pool.rb:134:in `block in spawn_thread'
  [1m[35m (0.3ms)[0m  [1m[34mSELECT pg_try_advisory_lock(7864839756650184315)[0m
  [1m[35m (0.9ms)[0m  [1m[34mSELECT "schema_migrations"."version" FROM "schema_migrations" ORDER BY "schema_migrations"."version" ASC[0m
Migrating to CreateBooks (20200209040954)
  [1m[35m (0.5ms)[0m  [1m[34mSELECT pg_advisory_unlock(7864839756650184315)[0m
  [1m[35m (1.1ms)[0m  [1m[34mSELECT "schema_migrations"."version" FROM "schema_migrations" ORDER BY "schema_migrations"."version" ASC[0m
  [1m[35m (0.4ms)[0m  [1m[34mSELECT pg_try_advisory_lock(7864839756650184315)[0m
  [1m[35m (0.8ms)[0m  [1m[34mSELECT "schema_migrations"."version" FROM "schema_migrations" ORDER BY "schema_migrations"."version" ASC[0m
Migrating to CreateBooks (20200209040954)
  [1m[35m (0.2ms)[0m  [1m[35mBEGIN[0m
  [1m[35m (120.5ms)[0m  [1m[35mCREATE TABLE "books" ("id" bigserial primary key, "title" character varying, "page" integer, "price" integer, "description" text, "created_at" timestamp(6) NOT NULL, "updated_at" timestamp(6) NOT NULL)[0m
  [1m[36mprimary::SchemaMigration Create (0.7ms)[0m  [1m[32mINSERT INTO "schema_migrations" ("version") VALUES ($1) RETURNING "version"[0m  [["version", "20200209040954"]]
  [1m[35m (11.4ms)[0m  [1m[35mCOMMIT[0m
  [1m[36mActiveRecord::InternalMetadata Load (0.5ms)[0m  [1m[34mSELECT "ar_internal_metadata".* FROM "ar_internal_metadata" WHERE "ar_internal_metadata"."key" = $1 LIMIT $2[0m  [["key", "environment"], ["LIMIT", 1]]
  [1m[35m (0.2ms)[0m  [1m[35mBEGIN[0m
  [1m[36mActiveRecord::InternalMetadata Create (0.7ms)[0m  [1m[32mINSERT INTO "ar_internal_metadata" ("key", "value", "created_at", "updated_at") VALUES ($1, $2, $3, $4) RETURNING "key"[0m  [["key", "environment"], ["value", "development"], ["created_at", "2020-02-09 04:16:58.213911"], ["updated_at", "2020-02-09 04:16:58.213911"]]
  [1m[35m (12.1ms)[0m  [1m[35mCOMMIT[0m
  [1m[35m (0.5ms)[0m  [1m[34mSELECT pg_advisory_unlock(7864839756650184315)[0m
  [1m[35m (1.1ms)[0m  [1m[34mSELECT "schema_migrations"."version" FROM "schema_migrations" ORDER BY "schema_migrations"."version" ASC[0m
  [1m[35m (0.2ms)[0m  [1m[35mBEGIN[0m
  [1m[36mBook Create (1.0ms)[0m  [1m[32mINSERT INTO "books" ("title", "page", "price", "description", "created_at", "updated_at") VALUES ($1, $2, $3, $4, $5, $6) RETURNING "id"[0m  [["title", "Pemrograman Ruby"], ["page", 90], ["price", 100000], ["description", "Belajar Ruby on Rails"], ["created_at", "2020-02-09 04:20:50.891236"], ["updated_at", "2020-02-09 04:20:50.891236"]]
  [1m[35m (27.6ms)[0m  [1m[35mCOMMIT[0m
  [1m[35m (1.1ms)[0m  [1m[34mSELECT "schema_migrations"."version" FROM "schema_migrations" ORDER BY "schema_migrations"."version" ASC[0m
  [1m[35m (0.2ms)[0m  [1m[35mBEGIN[0m
  [1m[36mBook Create (0.7ms)[0m  [1m[32mINSERT INTO "books" ("title", "page", "price", "description", "created_at", "updated_at") VALUES ($1, $2, $3, $4, $5, $6) RETURNING "id"[0m  [["title", "Pemrograman Python"], ["page", 180], ["price", 100000], ["description", "Belajar Python tidak sesulit menjinakan ular"], ["created_at", "2020-02-09 04:27:47.434779"], ["updated_at", "2020-02-09 04:27:47.434779"]]
  [1m[35m (17.6ms)[0m  [1m[35mCOMMIT[0m
  [1m[35m (0.3ms)[0m  [1m[35mBEGIN[0m
  [1m[36mBook Create (0.6ms)[0m  [1m[32mINSERT INTO "books" ("title", "page", "price", "description", "created_at", "updated_at") VALUES ($1, $2, $3, $4, $5, $6) RETURNING "id"[0m  [["title", "Pemrograman Laravel"], ["page", 200], ["price", 80000], ["description", "Belajar Mudah Laravel"], ["created_at", "2020-02-09 04:27:47.473145"], ["updated_at", "2020-02-09 04:27:47.473145"]]
  [1m[35m (4.7ms)[0m  [1m[35mCOMMIT[0m
  [1m[35m (0.3ms)[0m  [1m[35mBEGIN[0m
  [1m[36mBook Create (0.4ms)[0m  [1m[32mINSERT INTO "books" ("title", "page", "price", "description", "created_at", "updated_at") VALUES ($1, $2, $3, $4, $5, $6) RETURNING "id"[0m  [["title", "Pemrograman Vue JS"], ["page", 160], ["price", 95000], ["description", "Belajar Vue JS dengan Mudah"], ["created_at", "2020-02-09 04:27:47.482825"], ["updated_at", "2020-02-09 04:27:47.482825"]]
  [1m[35m (4.1ms)[0m  [1m[35mCOMMIT[0m
  [1m[35m (0.3ms)[0m  [1m[35mBEGIN[0m
  [1m[36mBook Create (0.4ms)[0m  [1m[32mINSERT INTO "books" ("title", "page", "price", "description", "created_at", "updated_at") VALUES ($1, $2, $3, $4, $5, $6) RETURNING "id"[0m  [["title", "Pemrograman Android"], ["page", 300], ["price", 195000], ["description", "Belajar Android dengan Mudah"], ["created_at", "2020-02-09 04:27:47.491219"], ["updated_at", "2020-02-09 04:27:47.491219"]]
  [1m[35m (4.0ms)[0m  [1m[35mCOMMIT[0m
  [1m[36mBook Load (0.4ms)[0m  [1m[34mSELECT "books".* FROM "books" LIMIT $1[0m  [["LIMIT", 11]]
  [1m[36mBook Load (1.0ms)[0m  [1m[34mSELECT "books".* FROM "books"[0m
  [1m[35m (0.8ms)[0m  [1m[34mSELECT "schema_migrations"."version" FROM "schema_migrations" ORDER BY "schema_migrations"."version" ASC[0m
  [1m[35m (0.3ms)[0m  [1m[35mBEGIN[0m
  [1m[36mBook Create (0.9ms)[0m  [1m[32mINSERT INTO "books" ("title", "page", "price", "description", "created_at", "updated_at") VALUES ($1, $2, $3, $4, $5, $6) RETURNING "id"[0m  [["title", "Pemrograman Java"], ["page", 100], ["price", 250000], ["description", "Belajar Java dengan Mudah"], ["created_at", "2020-02-09 04:39:07.101985"], ["updated_at", "2020-02-09 04:39:07.101985"]]
  [1m[35m (16.7ms)[0m  [1m[35mCOMMIT[0m
  [1m[35m (0.4ms)[0m  [1m[35mBEGIN[0m
  [1m[36mBook Create (0.7ms)[0m  [1m[32mINSERT INTO "books" ("title", "page", "price", "description", "created_at", "updated_at") VALUES ($1, $2, $3, $4, $5, $6) RETURNING "id"[0m  [["title", "Pemrograman VB.net"], ["page", 2500], ["price", 100000], ["description", "Belajar VB.net dengan Mudah"], ["created_at", "2020-02-09 04:39:07.127372"], ["updated_at", "2020-02-09 04:39:07.127372"]]
  [1m[35m (8.9ms)[0m  [1m[35mCOMMIT[0m
  [1m[35m (1.2ms)[0m  [1m[34mSELECT "schema_migrations"."version" FROM "schema_migrations" ORDER BY "schema_migrations"."version" ASC[0m
  [1m[35m (0.3ms)[0m  [1m[35mBEGIN[0m
  [1m[36mBook Create (0.8ms)[0m  [1m[32mINSERT INTO "books" ("title", "page", "price", "description", "created_at", "updated_at") VALUES ($1, $2, $3, $4, $5, $6) RETURNING "id"[0m  [["title", "Belajar Excel"], ["page", 205], ["price", 195000], ["description", "Belajar Excel"], ["created_at", "2020-02-09 04:50:38.999848"], ["updated_at", "2020-02-09 04:50:38.999848"]]
  [1m[35m (12.1ms)[0m  [1m[35mCOMMIT[0m
  [1m[35m (0.3ms)[0m  [1m[35mBEGIN[0m
  [1m[36mBook Create (0.5ms)[0m  [1m[32mINSERT INTO "books" ("title", "page", "price", "description", "created_at", "updated_at") VALUES ($1, $2, $3, $4, $5, $6) RETURNING "id"[0m  [["title", "Belajar Word"], ["page", 250], ["price", 195000], ["description", "Belajar Android dengan Mudah"], ["created_at", "2020-02-09 04:50:39.029814"], ["updated_at", "2020-02-09 04:50:39.029814"]]
  [1m[35m (6.6ms)[0m  [1m[35mCOMMIT[0m
  [1m[35m (0.2ms)[0m  [1m[35mBEGIN[0m
  [1m[36mBook Create (0.4ms)[0m  [1m[32mINSERT INTO "books" ("title", "page", "price", "description", "created_at", "updated_at") VALUES ($1, $2, $3, $4, $5, $6) RETURNING "id"[0m  [["title", "Belajar Power Point"], ["page", 300], ["price", 195000], ["description", "Belajar Android dengan Mudah"], ["created_at", "2020-02-09 04:50:39.041371"], ["updated_at", "2020-02-09 04:50:39.041371"]]
  [1m[35m (4.0ms)[0m  [1m[35mCOMMIT[0m
  [1m[35m (0.2ms)[0m  [1m[35mBEGIN[0m
  [1m[36mBook Create (0.4ms)[0m  [1m[32mINSERT INTO "books" ("title", "page", "price", "description", "created_at", "updated_at") VALUES ($1, $2, $3, $4, $5, $6) RETURNING "id"[0m  [["title", "Belajar Mysql"], ["page", 400], ["price", 195000], ["description", "Belajar Android dengan Mudah"], ["created_at", "2020-02-09 04:50:39.049881"], ["updated_at", "2020-02-09 04:50:39.049881"]]
  [1m[35m (12.1ms)[0m  [1m[35mCOMMIT[0m
  [1m[35m (0.2ms)[0m  [1m[35mBEGIN[0m
  [1m[36mBook Create (0.6ms)[0m  [1m[32mINSERT INTO "books" ("title", "page", "price", "description", "created_at", "updated_at") VALUES ($1, $2, $3, $4, $5, $6) RETURNING "id"[0m  [["title", "Belajar SQL Server"], ["page", 100], ["price", 195000], ["description", "Belajar Android dengan Mudah"], ["created_at", "2020-02-09 04:50:39.066628"], ["updated_at", "2020-02-09 04:50:39.066628"]]
  [1m[35m (10.7ms)[0m  [1m[35mCOMMIT[0m
  [1m[35m (0.4ms)[0m  [1m[35mBEGIN[0m
  [1m[36mBook Create (0.5ms)[0m  [1m[32mINSERT INTO "books" ("title", "page", "price", "description", "created_at", "updated_at") VALUES ($1, $2, $3, $4, $5, $6) RETURNING "id"[0m  [["title", "Belajar MongoDB"], ["page", 150], ["price", 195000], ["description", "Belajar Android dengan Mudah"], ["created_at", "2020-02-09 04:50:39.083737"], ["updated_at", "2020-02-09 04:50:39.083737"]]
  [1m[35m (9.6ms)[0m  [1m[35mCOMMIT[0m
  [1m[35m (0.4ms)[0m  [1m[35mBEGIN[0m
  [1m[36mBook Create (0.6ms)[0m  [1m[32mINSERT INTO "books" ("title", "page", "price", "description", "created_at", "updated_at") VALUES ($1, $2, $3, $4, $5, $6) RETURNING "id"[0m  [["title", "Cara Mudah Belajar Oracle"], ["page", 200], ["price", 195000], ["description", "Belajar Android dengan Mudah"], ["created_at", "2020-02-09 04:50:39.100523"], ["updated_at", "2020-02-09 04:50:39.100523"]]
  [1m[35m (9.7ms)[0m  [1m[35mCOMMIT[0m
  [1m[35m (0.4ms)[0m  [1m[35mBEGIN[0m
  [1m[36mBook Create (0.6ms)[0m  [1m[32mINSERT INTO "books" ("title", "page", "price", "description", "created_at", "updated_at") VALUES ($1, $2, $3, $4, $5, $6) RETURNING "id"[0m  [["title", "Cara Mudah Belajar MariaDB"], ["page", 500], ["price", 195000], ["description", "Belajar Android dengan Mudah"], ["created_at", "2020-02-09 04:50:39.117044"], ["updated_at", "2020-02-09 04:50:39.117044"]]
  [1m[35m (10.2ms)[0m  [1m[35mCOMMIT[0m
  [1m[35m (0.2ms)[0m  [1m[35mBEGIN[0m
  [1m[36mBook Create (0.5ms)[0m  [1m[32mINSERT INTO "books" ("title", "page", "price", "description", "created_at", "updated_at") VALUES ($1, $2, $3, $4, $5, $6) RETURNING "id"[0m  [["title", "Cara Mudah Pemrograman Java"], ["page", 100], ["price", 195000], ["description", "Belajar Android dengan Mudah"], ["created_at", "2020-02-09 04:50:39.133481"], ["updated_at", "2020-02-09 04:50:39.133481"]]
  [1m[35m (10.7ms)[0m  [1m[35mCOMMIT[0m
  [1m[35m (0.3ms)[0m  [1m[35mBEGIN[0m
  [1m[36mBook Create (0.5ms)[0m  [1m[32mINSERT INTO "books" ("title", "page", "price", "description", "created_at", "updated_at") VALUES ($1, $2, $3, $4, $5, $6) RETURNING "id"[0m  [["title", "Mudah Mengerti OS Ubuntu"], ["page", 100], ["price", 195000], ["description", "Belajar Android dengan Mudah"], ["created_at", "2020-02-09 04:50:39.150038"], ["updated_at", "2020-02-09 04:50:39.150038"]]
  [1m[35m (10.4ms)[0m  [1m[35mCOMMIT[0m
  [1m[35m (0.2ms)[0m  [1m[35mBEGIN[0m
  [1m[36mBook Create (0.7ms)[0m  [1m[32mINSERT INTO "books" ("title", "page", "price", "description", "created_at", "updated_at") VALUES ($1, $2, $3, $4, $5, $6) RETURNING "id"[0m  [["title", "Mudah Mengerti OS Windows Terbaru"], ["page", 100], ["price", 195000], ["description", "Belajar Android dengan Mudah"], ["created_at", "2020-02-09 04:50:39.167219"], ["updated_at", "2020-02-09 04:50:39.167219"]]
  [1m[35m (8.7ms)[0m  [1m[35mCOMMIT[0m
  [1m[35m (0.3ms)[0m  [1m[35mBEGIN[0m
  [1m[36mBook Create (0.4ms)[0m  [1m[32mINSERT INTO "books" ("title", "page", "price", "description", "created_at", "updated_at") VALUES ($1, $2, $3, $4, $5, $6) RETURNING "id"[0m  [["title", "Trading Forex"], ["page", 100], ["price", 195000], ["description", "Belajar Android dengan Mudah"], ["created_at", "2020-02-09 04:50:39.182967"], ["updated_at", "2020-02-09 04:50:39.182967"]]
  [1m[35m (11.9ms)[0m  [1m[35mCOMMIT[0m
  [1m[35m (0.3ms)[0m  [1m[35mBEGIN[0m
  [1m[36mBook Create (0.5ms)[0m  [1m[32mINSERT INTO "books" ("title", "page", "price", "description", "created_at", "updated_at") VALUES ($1, $2, $3, $4, $5, $6) RETURNING "id"[0m  [["title", "Data Minning"], ["page", 100], ["price", 195000], ["description", "Belajar Android dengan Mudah"], ["created_at", "2020-02-09 04:50:39.199804"], ["updated_at", "2020-02-09 04:50:39.199804"]]
  [1m[35m (10.2ms)[0m  [1m[35mCOMMIT[0m
  [1m[35m (0.4ms)[0m  [1m[35mBEGIN[0m
  [1m[36mBook Create (0.5ms)[0m  [1m[32mINSERT INTO "books" ("title", "page", "price", "description", "created_at", "updated_at") VALUES ($1, $2, $3, $4, $5, $6) RETURNING "id"[0m  [["title", "Belajar Mudah Arduino"], ["page", 250], ["price", 195000], ["description", "Belajar Android dengan Mudah"], ["created_at", "2020-02-09 04:50:39.216897"], ["updated_at", "2020-02-09 04:50:39.216897"]]
  [1m[35m (9.6ms)[0m  [1m[35mCOMMIT[0m
  [1m[35m (0.3ms)[0m  [1m[35mBEGIN[0m
  [1m[36mBook Create (0.5ms)[0m  [1m[32mINSERT INTO "books" ("title", "page", "price", "description", "created_at", "updated_at") VALUES ($1, $2, $3, $4, $5, $6) RETURNING "id"[0m  [["title", "Belajar Mudah Rasberypai 3"], ["page", 100], ["price", 195000], ["description", "Belajar Android dengan Mudah"], ["created_at", "2020-02-09 04:50:39.233316"], ["updated_at", "2020-02-09 04:50:39.233316"]]
  [1m[35m (9.7ms)[0m  [1m[35mCOMMIT[0m
  [1m[35m (0.3ms)[0m  [1m[35mBEGIN[0m
  [1m[36mBook Create (0.5ms)[0m  [1m[32mINSERT INTO "books" ("title", "page", "price", "description", "created_at", "updated_at") VALUES ($1, $2, $3, $4, $5, $6) RETURNING "id"[0m  [["title", "Belajar Mudah Flutter"], ["page", 100], ["price", 195000], ["description", "Belajar Android dengan Mudah"], ["created_at", "2020-02-09 04:50:39.250087"], ["updated_at", "2020-02-09 04:50:39.250087"]]
  [1m[35m (10.4ms)[0m  [1m[35mCOMMIT[0m
  [1m[35m (0.3ms)[0m  [1m[35mBEGIN[0m
  [1m[36mBook Create (0.5ms)[0m  [1m[32mINSERT INTO "books" ("title", "page", "price", "description", "created_at", "updated_at") VALUES ($1, $2, $3, $4, $5, $6) RETURNING "id"[0m  [["title", "Belajar Mudah Photoshop 3"], ["page", 100], ["price", 195000], ["description", "Belajar Android dengan Mudah"], ["created_at", "2020-02-09 04:50:39.266464"], ["updated_at", "2020-02-09 04:50:39.266464"]]
  [1m[35m (10.4ms)[0m  [1m[35mCOMMIT[0m
  [1m[35m (0.3ms)[0m  [1m[35mBEGIN[0m
  [1m[36mBook Create (0.5ms)[0m  [1m[32mINSERT INTO "books" ("title", "page", "price", "description", "created_at", "updated_at") VALUES ($1, $2, $3, $4, $5, $6) RETURNING "id"[0m  [["title", "Belajar Mudah 3D Max"], ["page", 100], ["price", 195000], ["description", "Belajar Android dengan Mudah"], ["created_at", "2020-02-09 04:50:39.282973"], ["updated_at", "2020-02-09 04:50:39.282973"]]
  [1m[35m (10.4ms)[0m  [1m[35mCOMMIT[0m
  [1m[35m (0.3ms)[0m  [1m[35mBEGIN[0m
  [1m[36mBook Create (0.5ms)[0m  [1m[32mINSERT INTO "books" ("title", "page", "price", "description", "created_at", "updated_at") VALUES ($1, $2, $3, $4, $5, $6) RETURNING "id"[0m  [["title", "Belajar Mudah Paralax"], ["page", 100], ["price", 195000], ["description", "Belajar Android dengan Mudah"], ["created_at", "2020-02-09 04:50:39.299842"], ["updated_at", "2020-02-09 04:50:39.299842"]]
  [1m[35m (9.8ms)[0m  [1m[35mCOMMIT[0m
  [1m[35m (0.4ms)[0m  [1m[35mBEGIN[0m
  [1m[36mBook Create (0.5ms)[0m  [1m[32mINSERT INTO "books" ("title", "page", "price", "description", "created_at", "updated_at") VALUES ($1, $2, $3, $4, $5, $6) RETURNING "id"[0m  [["title", "Belajar Mudah Arduino"], ["page", 100], ["price", 195000], ["description", "Belajar Android dengan Mudah"], ["created_at", "2020-02-09 04:50:39.316610"], ["updated_at", "2020-02-09 04:50:39.316610"]]
  [1m[35m (8.4ms)[0m  [1m[35mCOMMIT[0m
  [1m[35m (1.1ms)[0m  [1m[34mSELECT "schema_migrations"."version" FROM "schema_migrations" ORDER BY "schema_migrations"."version" ASC[0m
  [1m[35m (0.3ms)[0m  [1m[35mBEGIN[0m
  [1m[36mBook Create (0.8ms)[0m  [1m[32mINSERT INTO "books" ("title", "page", "price", "description", "created_at", "updated_at") VALUES ($1, $2, $3, $4, $5, $6) RETURNING "id"[0m  [["title", "Belajar Excel 1"], ["page", 205], ["price", 195000], ["description", "Belajar Excel"], ["created_at", "2020-02-09 04:54:56.918401"], ["updated_at", "2020-02-09 04:54:56.918401"]]
  [1m[35m (16.5ms)[0m  [1m[35mCOMMIT[0m
  [1m[35m (0.4ms)[0m  [1m[35mBEGIN[0m
  [1m[36mBook Create (0.6ms)[0m  [1m[32mINSERT INTO "books" ("title", "page", "price", "description", "created_at", "updated_at") VALUES ($1, $2, $3, $4, $5, $6) RETURNING "id"[0m  [["title", "Belajar Word 1"], ["page", 250], ["price", 195000], ["description", "Belajar Android dengan Mudah"], ["created_at", "2020-02-09 04:54:56.958300"], ["updated_at", "2020-02-09 04:54:56.958300"]]
  [1m[35m (10.0ms)[0m  [1m[35mCOMMIT[0m
  [1m[35m (0.3ms)[0m  [1m[35mBEGIN[0m
  [1m[36mBook Create (0.5ms)[0m  [1m[32mINSERT INTO "books" ("title", "page", "price", "description", "created_at", "updated_at") VALUES ($1, $2, $3, $4, $5, $6) RETURNING "id"[0m  [["title", "Belajar Power Point 1"], ["page", 300], ["price", 195000], ["description", "Belajar Android dengan Mudah"], ["created_at", "2020-02-09 04:54:56.974171"], ["updated_at", "2020-02-09 04:54:56.974171"]]
  [1m[35m (10.9ms)[0m  [1m[35mCOMMIT[0m
  [1m[35m (0.3ms)[0m  [1m[35mBEGIN[0m
  [1m[36mBook Create (0.5ms)[0m  [1m[32mINSERT INTO "books" ("title", "page", "price", "description", "created_at", "updated_at") VALUES ($1, $2, $3, $4, $5, $6) RETURNING "id"[0m  [["title", "Belajar Mysql 1"], ["page", 400], ["price", 195000], ["description", "Belajar Android dengan Mudah"], ["created_at", "2020-02-09 04:54:56.991073"], ["updated_at", "2020-02-09 04:54:56.991073"]]
  [1m[35m (10.8ms)[0m  [1m[35mCOMMIT[0m
  [1m[35m (0.4ms)[0m  [1m[35mBEGIN[0m
  [1m[36mBook Create (0.5ms)[0m  [1m[32mINSERT INTO "books" ("title", "page", "price", "description", "created_at", "updated_at") VALUES ($1, $2, $3, $4, $5, $6) RETURNING "id"[0m  [["title", "Belajar SQL Server 1"], ["page", 100], ["price", 195000], ["description", "Belajar Android dengan Mudah"], ["created_at", "2020-02-09 04:54:57.007711"], ["updated_at", "2020-02-09 04:54:57.007711"]]
  [1m[35m (10.4ms)[0m  [1m[35mCOMMIT[0m
  [1m[35m (0.4ms)[0m  [1m[35mBEGIN[0m
  [1m[36mBook Create (0.6ms)[0m  [1m[32mINSERT INTO "books" ("title", "page", "price", "description", "created_at", "updated_at") VALUES ($1, $2, $3, $4, $5, $6) RETURNING "id"[0m  [["title", "Belajar MongoDB 1"], ["page", 150], ["price", 195000], ["description", "Belajar Android dengan Mudah"], ["created_at", "2020-02-09 04:54:57.024231"], ["updated_at", "2020-02-09 04:54:57.024231"]]
  [1m[35m (10.2ms)[0m  [1m[35mCOMMIT[0m
  [1m[35m (0.4ms)[0m  [1m[35mBEGIN[0m
  [1m[36mBook Create (0.5ms)[0m  [1m[32mINSERT INTO "books" ("title", "page", "price", "description", "created_at", "updated_at") VALUES ($1, $2, $3, $4, $5, $6) RETURNING "id"[0m  [["title", "Cara Mudah Belajar Oracle 1"], ["page", 200], ["price", 195000], ["description", "Belajar Android dengan Mudah"], ["created_at", "2020-02-09 04:54:57.041210"], ["updated_at", "2020-02-09 04:54:57.041210"]]
  [1m[35m (9.7ms)[0m  [1m[35mCOMMIT[0m
  [1m[35m (0.4ms)[0m  [1m[35mBEGIN[0m
  [1m[36mBook Create (0.5ms)[0m  [1m[32mINSERT INTO "books" ("title", "page", "price", "description", "created_at", "updated_at") VALUES ($1, $2, $3, $4, $5, $6) RETURNING "id"[0m  [["title", "Cara Mudah Belajar MariaDB 1"], ["page", 500], ["price", 195000], ["description", "Belajar Android dengan Mudah"], ["created_at", "2020-02-09 04:54:57.058497"], ["updated_at", "2020-02-09 04:54:57.058497"]]
  [1m[35m (7.9ms)[0m  [1m[35mCOMMIT[0m
  [1m[35m (0.3ms)[0m  [1m[35mBEGIN[0m
  [1m[36mBook Create (0.6ms)[0m  [1m[32mINSERT INTO "books" ("title", "page", "price", "description", "created_at", "updated_at") VALUES ($1, $2, $3, $4, $5, $6) RETURNING "id"[0m  [["title", "Cara Mudah Pemrograman Java 1"], ["page", 100], ["price", 195000], ["description", "Belajar Android dengan Mudah"], ["created_at", "2020-02-09 04:54:57.074967"], ["updated_at", "2020-02-09 04:54:57.074967"]]
  [1m[35m (9.6ms)[0m  [1m[35mCOMMIT[0m
  [1m[35m (0.3ms)[0m  [1m[35mBEGIN[0m
  [1m[36mBook Create (0.6ms)[0m  [1m[32mINSERT INTO "books" ("title", "page", "price", "description", "created_at", "updated_at") VALUES ($1, $2, $3, $4, $5, $6) RETURNING "id"[0m  [["title", "Mudah Mengerti OS Ubuntu 1"], ["page", 100], ["price", 195000], ["description", "Belajar Android dengan Mudah"], ["created_at", "2020-02-09 04:54:57.091103"], ["updated_at", "2020-02-09 04:54:57.091103"]]
  [1m[35m (9.8ms)[0m  [1m[35mCOMMIT[0m
  [1m[35m (0.4ms)[0m  [1m[35mBEGIN[0m
  [1m[36mBook Create (0.7ms)[0m  [1m[32mINSERT INTO "books" ("title", "page", "price", "description", "created_at", "updated_at") VALUES ($1, $2, $3, $4, $5, $6) RETURNING "id"[0m  [["title", "Mudah Mengerti OS Windows Terbaru 1"], ["page", 100], ["price", 195000], ["description", "Belajar Android dengan Mudah"], ["created_at", "2020-02-09 04:54:57.107906"], ["updated_at", "2020-02-09 04:54:57.107906"]]
  [1m[35m (8.8ms)[0m  [1m[35mCOMMIT[0m
  [1m[35m (0.3ms)[0m  [1m[35mBEGIN[0m
  [1m[36mBook Create (0.6ms)[0m  [1m[32mINSERT INTO "books" ("title", "page", "price", "description", "created_at", "updated_at") VALUES ($1, $2, $3, $4, $5, $6) RETURNING "id"[0m  [["title", "Trading Forex 1"], ["page", 100], ["price", 195000], ["description", "Belajar Android dengan Mudah"], ["created_at", "2020-02-09 04:54:57.124879"], ["updated_at", "2020-02-09 04:54:57.124879"]]
  [1m[35m (9.2ms)[0m  [1m[35mCOMMIT[0m
  [1m[35m (0.3ms)[0m  [1m[35mBEGIN[0m
  [1m[36mBook Create (0.6ms)[0m  [1m[32mINSERT INTO "books" ("title", "page", "price", "description", "created_at", "updated_at") VALUES ($1, $2, $3, $4, $5, $6) RETURNING "id"[0m  [["title", "Data Minning 1"], ["page", 100], ["price", 195000], ["description", "Belajar Android dengan Mudah"], ["created_at", "2020-02-09 04:54:57.141421"], ["updated_at", "2020-02-09 04:54:57.141421"]]
  [1m[35m (8.6ms)[0m  [1m[35mCOMMIT[0m
  [1m[35m (0.3ms)[0m  [1m[35mBEGIN[0m
  [1m[36mBook Create (0.6ms)[0m  [1m[32mINSERT INTO "books" ("title", "page", "price", "description", "created_at", "updated_at") VALUES ($1, $2, $3, $4, $5, $6) RETURNING "id"[0m  [["title", "Belajar Mudah Arduino 1"], ["page", 250], ["price", 195000], ["description", "Belajar Android dengan Mudah"], ["created_at", "2020-02-09 04:54:57.157805"], ["updated_at", "2020-02-09 04:54:57.157805"]]
  [1m[35m (9.3ms)[0m  [1m[35mCOMMIT[0m
  [1m[35m (0.3ms)[0m  [1m[35mBEGIN[0m
  [1m[36mBook Create (0.6ms)[0m  [1m[32mINSERT INTO "books" ("title", "page", "price", "description", "created_at", "updated_at") VALUES ($1, $2, $3, $4, $5, $6) RETURNING "id"[0m  [["title", "Belajar Mudah Rasberypai 3 1"], ["page", 100], ["price", 195000], ["description", "Belajar Android dengan Mudah"], ["created_at", "2020-02-09 04:54:57.173944"], ["updated_at", "2020-02-09 04:54:57.173944"]]
  [1m[35m (10.8ms)[0m  [1m[35mCOMMIT[0m
  [1m[35m (0.4ms)[0m  [1m[35mBEGIN[0m
  [1m[36mBook Create (0.8ms)[0m  [1m[32mINSERT INTO "books" ("title", "page", "price", "description", "created_at", "updated_at") VALUES ($1, $2, $3, $4, $5, $6) RETURNING "id"[0m  [["title", "Belajar Mudah Flutter 1"], ["page", 100], ["price", 195000], ["description", "Belajar Android dengan Mudah"], ["created_at", "2020-02-09 04:54:57.191538"], ["updated_at", "2020-02-09 04:54:57.191538"]]
  [1m[35m (6.7ms)[0m  [1m[35mCOMMIT[0m
  [1m[35m (0.3ms)[0m  [1m[35mBEGIN[0m
  [1m[36mBook Create (0.7ms)[0m  [1m[32mINSERT INTO "books" ("title", "page", "price", "description", "created_at", "updated_at") VALUES ($1, $2, $3, $4, $5, $6) RETURNING "id"[0m  [["title", "Belajar Mudah Photoshop 3 1"], ["page", 100], ["price", 195000], ["description", "Belajar Android dengan Mudah"], ["created_at", "2020-02-09 04:54:57.207588"], ["updated_at", "2020-02-09 04:54:57.207588"]]
  [1m[35m (7.9ms)[0m  [1m[35mCOMMIT[0m
  [1m[35m (0.2ms)[0m  [1m[35mBEGIN[0m
  [1m[36mBook Create (0.5ms)[0m  [1m[32mINSERT INTO "books" ("title", "page", "price", "description", "created_at", "updated_at") VALUES ($1, $2, $3, $4, $5, $6) RETURNING "id"[0m  [["title", "Belajar Mudah 3D Max 1"], ["page", 100], ["price", 195000], ["description", "Belajar Android dengan Mudah"], ["created_at", "2020-02-09 04:54:57.223832"], ["updated_at", "2020-02-09 04:54:57.223832"]]
  [1m[35m (11.7ms)[0m  [1m[35mCOMMIT[0m
  [1m[35m (0.3ms)[0m  [1m[35mBEGIN[0m
  [1m[36mBook Create (0.4ms)[0m  [1m[32mINSERT INTO "books" ("title", "page", "price", "description", "created_at", "updated_at") VALUES ($1, $2, $3, $4, $5, $6) RETURNING "id"[0m  [["title", "Belajar Mudah Paralax 1"], ["page", 100], ["price", 195000], ["description", "Belajar Android dengan Mudah"], ["created_at", "2020-02-09 04:54:57.240176"], ["updated_at", "2020-02-09 04:54:57.240176"]]
  [1m[35m (10.2ms)[0m  [1m[35mCOMMIT[0m
  [1m[35m (0.2ms)[0m  [1m[35mBEGIN[0m
  [1m[36mBook Create (1.8ms)[0m  [1m[32mINSERT INTO "books" ("title", "page", "price", "description", "created_at", "updated_at") VALUES ($1, $2, $3, $4, $5, $6) RETURNING "id"[0m  [["title", "Belajar Mudah Arduino 1"], ["page", 100], ["price", 195000], ["description", "Belajar Android dengan Mudah"], ["created_at", "2020-02-09 04:54:57.257115"], ["updated_at", "2020-02-09 04:54:57.257115"]]
  [1m[35m (9.2ms)[0m  [1m[35mCOMMIT[0m
  [1m[35m (0.3ms)[0m  [1m[35mBEGIN[0m
  [1m[36mBook Create (0.4ms)[0m  [1m[32mINSERT INTO "books" ("title", "page", "price", "description", "created_at", "updated_at") VALUES ($1, $2, $3, $4, $5, $6) RETURNING "id"[0m  [["title", "Belajar Excel 2"], ["page", 205], ["price", 195000], ["description", "Belajar Excel"], ["created_at", "2020-02-09 04:54:57.281641"], ["updated_at", "2020-02-09 04:54:57.281641"]]
  [1m[35m (10.9ms)[0m  [1m[35mCOMMIT[0m
  [1m[35m (0.3ms)[0m  [1m[35mBEGIN[0m
  [1m[36mBook Create (0.5ms)[0m  [1m[32mINSERT INTO "books" ("title", "page", "price", "description", "created_at", "updated_at") VALUES ($1, $2, $3, $4, $5, $6) RETURNING "id"[0m  [["title", "Belajar Word 2"], ["page", 250], ["price", 195000], ["description", "Belajar Android dengan Mudah"], ["created_at", "2020-02-09 04:54:57.298927"], ["updated_at", "2020-02-09 04:54:57.298927"]]
  [1m[35m (9.0ms)[0m  [1m[35mCOMMIT[0m
  [1m[35m (0.2ms)[0m  [1m[35mBEGIN[0m
  [1m[36mBook Create (0.5ms)[0m  [1m[32mINSERT INTO "books" ("title", "page", "price", "description", "created_at", "updated_at") VALUES ($1, $2, $3, $4, $5, $6) RETURNING "id"[0m  [["title", "Belajar Power Point 2"], ["page", 300], ["price", 195000], ["description", "Belajar Android dengan Mudah"], ["created_at", "2020-02-09 04:54:57.314975"], ["updated_at", "2020-02-09 04:54:57.314975"]]
  [1m[35m (10.8ms)[0m  [1m[35mCOMMIT[0m
  [1m[35m (0.4ms)[0m  [1m[35mBEGIN[0m
  [1m[36mBook Create (0.6ms)[0m  [1m[32mINSERT INTO "books" ("title", "page", "price", "description", "created_at", "updated_at") VALUES ($1, $2, $3, $4, $5, $6) RETURNING "id"[0m  [["title", "Belajar Mysql 2"], ["page", 400], ["price", 195000], ["description", "Belajar Android dengan Mudah"], ["created_at", "2020-02-09 04:54:57.331368"], ["updated_at", "2020-02-09 04:54:57.331368"]]
  [1m[35m (10.5ms)[0m  [1m[35mCOMMIT[0m
  [1m[35m (0.2ms)[0m  [1m[35mBEGIN[0m
  [1m[36mBook Create (0.5ms)[0m  [1m[32mINSERT INTO "books" ("title", "page", "price", "description", "created_at", "updated_at") VALUES ($1, $2, $3, $4, $5, $6) RETURNING "id"[0m  [["title", "Belajar SQL Server 2"], ["page", 100], ["price", 195000], ["description", "Belajar Android dengan Mudah"], ["created_at", "2020-02-09 04:54:57.347582"], ["updated_at", "2020-02-09 04:54:57.347582"]]
  [1m[35m (3.7ms)[0m  [1m[35mCOMMIT[0m
  [1m[35m (0.3ms)[0m  [1m[35mBEGIN[0m
  [1m[36mBook Create (0.5ms)[0m  [1m[32mINSERT INTO "books" ("title", "page", "price", "description", "created_at", "updated_at") VALUES ($1, $2, $3, $4, $5, $6) RETURNING "id"[0m  [["title", "Belajar MongoDB 2"], ["page", 150], ["price", 195000], ["description", "Belajar Android dengan Mudah"], ["created_at", "2020-02-09 04:54:57.355720"], ["updated_at", "2020-02-09 04:54:57.355720"]]
  [1m[35m (12.1ms)[0m  [1m[35mCOMMIT[0m
  [1m[35m (0.3ms)[0m  [1m[35mBEGIN[0m
  [1m[36mBook Create (0.5ms)[0m  [1m[32mINSERT INTO "books" ("title", "page", "price", "description", "created_at", "updated_at") VALUES ($1, $2, $3, $4, $5, $6) RETURNING "id"[0m  [["title", "Cara Mudah Belajar Oracle 2"], ["page", 200], ["price", 195000], ["description", "Belajar Android dengan Mudah"], ["created_at", "2020-02-09 04:54:57.372920"], ["updated_at", "2020-02-09 04:54:57.372920"]]
  [1m[35m (10.9ms)[0m  [1m[35mCOMMIT[0m
  [1m[35m (0.3ms)[0m  [1m[35mBEGIN[0m
  [1m[36mBook Create (0.5ms)[0m  [1m[32mINSERT INTO "books" ("title", "page", "price", "description", "created_at", "updated_at") VALUES ($1, $2, $3, $4, $5, $6) RETURNING "id"[0m  [["title", "Cara Mudah Belajar MariaDB 2"], ["page", 500], ["price", 195000], ["description", "Belajar Android dengan Mudah"], ["created_at", "2020-02-09 04:54:57.389937"], ["updated_at", "2020-02-09 04:54:57.389937"]]
  [1m[35m (10.1ms)[0m  [1m[35mCOMMIT[0m
  [1m[35m (0.3ms)[0m  [1m[35mBEGIN[0m
  [1m[36mBook Create (0.5ms)[0m  [1m[32mINSERT INTO "books" ("title", "page", "price", "description", "created_at", "updated_at") VALUES ($1, $2, $3, $4, $5, $6) RETURNING "id"[0m  [["title", "Cara Mudah Pemrograman Java 2"], ["page", 100], ["price", 195000], ["description", "Belajar Android dengan Mudah"], ["created_at", "2020-02-09 04:54:57.406957"], ["updated_at", "2020-02-09 04:54:57.406957"]]
  [1m[35m (9.2ms)[0m  [1m[35mCOMMIT[0m
  [1m[35m (0.3ms)[0m  [1m[35mBEGIN[0m
  [1m[36mBook Create (0.4ms)[0m  [1m[32mINSERT INTO "books" ("title", "page", "price", "description", "created_at", "updated_at") VALUES ($1, $2, $3, $4, $5, $6) RETURNING "id"[0m  [["title", "Mudah Mengerti OS Ubuntu 2"], ["page", 100], ["price", 195000], ["description", "Belajar Android dengan Mudah"], ["created_at", "2020-02-09 04:54:57.423552"], ["updated_at", "2020-02-09 04:54:57.423552"]]
  [1m[35m (10.5ms)[0m  [1m[35mCOMMIT[0m
  [1m[35m (0.3ms)[0m  [1m[35mBEGIN[0m
  [1m[36mBook Create (0.4ms)[0m  [1m[32mINSERT INTO "books" ("title", "page", "price", "description", "created_at", "updated_at") VALUES ($1, $2, $3, $4, $5, $6) RETURNING "id"[0m  [["title", "Mudah Mengerti OS Windows Terbaru 2"], ["page", 100], ["price", 195000], ["description", "Belajar Android dengan Mudah"], ["created_at", "2020-02-09 04:54:57.439584"], ["updated_at", "2020-02-09 04:54:57.439584"]]
  [1m[35m (10.8ms)[0m  [1m[35mCOMMIT[0m
  [1m[35m (0.3ms)[0m  [1m[35mBEGIN[0m
  [1m[36mBook Create (0.5ms)[0m  [1m[32mINSERT INTO "books" ("title", "page", "price", "description", "created_at", "updated_at") VALUES ($1, $2, $3, $4, $5, $6) RETURNING "id"[0m  [["title", "Trading Forex 2"], ["page", 100], ["price", 195000], ["description", "Belajar Android dengan Mudah"], ["created_at", "2020-02-09 04:54:57.456762"], ["updated_at", "2020-02-09 04:54:57.456762"]]
  [1m[35m (9.2ms)[0m  [1m[35mCOMMIT[0m
  [1m[35m (0.3ms)[0m  [1m[35mBEGIN[0m
  [1m[36mBook Create (0.6ms)[0m  [1m[32mINSERT INTO "books" ("title", "page", "price", "description", "created_at", "updated_at") VALUES ($1, $2, $3, $4, $5, $6) RETURNING "id"[0m  [["title", "Data Minning 2"], ["page", 100], ["price", 195000], ["description", "Belajar Android dengan Mudah"], ["created_at", "2020-02-09 04:54:57.473570"], ["updated_at", "2020-02-09 04:54:57.473570"]]
  [1m[35m (10.0ms)[0m  [1m[35mCOMMIT[0m
  [1m[35m (0.4ms)[0m  [1m[35mBEGIN[0m
  [1m[36mBook Create (0.7ms)[0m  [1m[32mINSERT INTO "books" ("title", "page", "price", "description", "created_at", "updated_at") VALUES ($1, $2, $3, $4, $5, $6) RETURNING "id"[0m  [["title", "Belajar Mudah Arduino 2"], ["page", 250], ["price", 195000], ["description", "Belajar Android dengan Mudah"], ["created_at", "2020-02-09 04:54:57.490793"], ["updated_at", "2020-02-09 04:54:57.490793"]]
  [1m[35m (8.7ms)[0m  [1m[35mCOMMIT[0m
  [1m[35m (0.4ms)[0m  [1m[35mBEGIN[0m
  [1m[36mBook Create (0.5ms)[0m  [1m[32mINSERT INTO "books" ("title", "page", "price", "description", "created_at", "updated_at") VALUES ($1, $2, $3, $4, $5, $6) RETURNING "id"[0m  [["title", "Belajar Mudah Rasberypai 3 2"], ["page", 100], ["price", 195000], ["description", "Belajar Android dengan Mudah"], ["created_at", "2020-02-09 04:54:57.507142"], ["updated_at", "2020-02-09 04:54:57.507142"]]
  [1m[35m (8.7ms)[0m  [1m[35mCOMMIT[0m
  [1m[35m (0.3ms)[0m  [1m[35mBEGIN[0m
  [1m[36mBook Create (0.6ms)[0m  [1m[32mINSERT INTO "books" ("title", "page", "price", "description", "created_at", "updated_at") VALUES ($1, $2, $3, $4, $5, $6) RETURNING "id"[0m  [["title", "Belajar Mudah Flutter 2"], ["page", 100], ["price", 195000], ["description", "Belajar Android dengan Mudah"], ["created_at", "2020-02-09 04:54:57.522668"], ["updated_at", "2020-02-09 04:54:57.522668"]]
  [1m[35m (9.1ms)[0m  [1m[35mCOMMIT[0m
  [1m[35m (0.3ms)[0m  [1m[35mBEGIN[0m
  [1m[36mBook Create (0.6ms)[0m  [1m[32mINSERT INTO "books" ("title", "page", "price", "description", "created_at", "updated_at") VALUES ($1, $2, $3, $4, $5, $6) RETURNING "id"[0m  [["title", "Belajar Mudah Photoshop 3 2"], ["page", 100], ["price", 195000], ["description", "Belajar Android dengan Mudah"], ["created_at", "2020-02-09 04:54:57.539529"], ["updated_at", "2020-02-09 04:54:57.539529"]]
  [1m[35m (10.1ms)[0m  [1m[35mCOMMIT[0m
  [1m[35m (0.4ms)[0m  [1m[35mBEGIN[0m
  [1m[36mBook Create (0.8ms)[0m  [1m[32mINSERT INTO "books" ("title", "page", "price", "description", "created_at", "updated_at") VALUES ($1, $2, $3, $4, $5, $6) RETURNING "id"[0m  [["title", "Belajar Mudah 3D Max 2"], ["page", 100], ["price", 195000], ["description", "Belajar Android dengan Mudah"], ["created_at", "2020-02-09 04:54:57.556686"], ["updated_at", "2020-02-09 04:54:57.556686"]]
  [1m[35m (7.8ms)[0m  [1m[35mCOMMIT[0m
  [1m[35m (0.4ms)[0m  [1m[35mBEGIN[0m
  [1m[36mBook Create (0.6ms)[0m  [1m[32mINSERT INTO "books" ("title", "page", "price", "description", "created_at", "updated_at") VALUES ($1, $2, $3, $4, $5, $6) RETURNING "id"[0m  [["title", "Belajar Mudah Paralax 2"], ["page", 100], ["price", 195000], ["description", "Belajar Android dengan Mudah"], ["created_at", "2020-02-09 04:54:57.582280"], ["updated_at", "2020-02-09 04:54:57.582280"]]
  [1m[35m (9.1ms)[0m  [1m[35mCOMMIT[0m
  [1m[35m (0.4ms)[0m  [1m[35mBEGIN[0m
  [1m[36mBook Create (0.6ms)[0m  [1m[32mINSERT INTO "books" ("title", "page", "price", "description", "created_at", "updated_at") VALUES ($1, $2, $3, $4, $5, $6) RETURNING "id"[0m  [["title", "Belajar Mudah Arduino 2"], ["page", 100], ["price", 195000], ["description", "Belajar Android dengan Mudah"], ["created_at", "2020-02-09 04:54:57.598288"], ["updated_at", "2020-02-09 04:54:57.598288"]]
  [1m[35m (8.1ms)[0m  [1m[35mCOMMIT[0m
  [1m[36mBook Load (0.5ms)[0m  [1m[34mSELECT "books".* FROM "books" WHERE "books"."id" = $1 LIMIT $2[0m  [["id", 5], ["LIMIT", 1]]
  [1m[36mBook Load (0.7ms)[0m  [1m[34mSELECT "books".* FROM "books" WHERE "books"."title" = $1 LIMIT $2[0m  [["title", "Java"], ["LIMIT", 1]]
  [1m[36mBook Load (0.5ms)[0m  [1m[34mSELECT "books".* FROM "books" WHERE "books"."title" = $1 LIMIT $2[0m  [["title", "Pemrograman Ruby"], ["LIMIT", 1]]
  [1m[36mBook Load (0.8ms)[0m  [1m[34mSELECT "books".* FROM "books" WHERE "books"."id" = $1 LIMIT $2[0m  [["id", 1], ["LIMIT", 1]]
  [1m[36mBook Load (1.0ms)[0m  [1m[34mSELECT "books".* FROM "books" WHERE "books"."id" = $1 LIMIT $2[0m  [["id", 1], ["LIMIT", 1]]
  [1m[35m (0.4ms)[0m  [1m[35mBEGIN[0m
  [1m[36mBook Update (0.8ms)[0m  [1m[33mUPDATE "books" SET "price" = $1, "updated_at" = $2 WHERE "books"."id" = $3[0m  [["price", 100], ["updated_at", "2020-02-09 05:02:45.928250"], ["id", 1]]
  [1m[35m (36.1ms)[0m  [1m[35mCOMMIT[0m
  [1m[36mBook Load (0.6ms)[0m  [1m[34mSELECT "books".* FROM "books" WHERE "books"."id" = $1 LIMIT $2[0m  [["id", 1], ["LIMIT", 1]]
  [1m[36mBook Load (1.0ms)[0m  [1m[34mSELECT "books".* FROM "books" WHERE "books"."id" = $1 LIMIT $2[0m  [["id", 1], ["LIMIT", 1]]
  [1m[36mBook Load (1.0ms)[0m  [1m[34mSELECT "books".* FROM "books" WHERE "books"."id" = $1 LIMIT $2[0m  [["id", 1], ["LIMIT", 1]]
  [1m[35m (0.5ms)[0m  [1m[35mBEGIN[0m
  [1m[36mBook Update (1.1ms)[0m  [1m[33mUPDATE "books" SET "price" = $1, "updated_at" = $2 WHERE "books"."id" = $3[0m  [["price", 97000], ["updated_at", "2020-02-09 05:04:36.934529"], ["id", 1]]
  [1m[35m (9.6ms)[0m  [1m[35mCOMMIT[0m
  [1m[36mBook Load (0.9ms)[0m  [1m[34mSELECT "books".* FROM "books" WHERE "books"."id" = $1 LIMIT $2[0m  [["id", 1], ["LIMIT", 1]]
  [1m[36mBook Load (0.7ms)[0m  [1m[34mSELECT "books".* FROM "books" WHERE "books"."id" = $1 LIMIT $2[0m  [["id", 1], ["LIMIT", 1]]
  [1m[36mBook Load (0.8ms)[0m  [1m[34mSELECT "books".* FROM "books" WHERE "books"."id" = $1 LIMIT $2[0m  [["id", 1], ["LIMIT", 1]]
  [1m[35m (0.5ms)[0m  [1m[35mBEGIN[0m
  [1m[36mBook Update (0.9ms)[0m  [1m[33mUPDATE "books" SET "page" = $1, "price" = $2, "updated_at" = $3 WHERE "books"."id" = $4[0m  [["page", 1], ["price", 100], ["updated_at", "2020-02-09 05:09:09.170566"], ["id", 1]]
  [1m[35m (13.2ms)[0m  [1m[35mCOMMIT[0m
  [1m[36mBook Load (0.7ms)[0m  [1m[34mSELECT "books".* FROM "books" WHERE "books"."id" = $1 LIMIT $2[0m  [["id", 1], ["LIMIT", 1]]
  [1m[36mBook Load (0.8ms)[0m  [1m[34mSELECT "books".* FROM "books" ORDER BY "books"."price" ASC LIMIT $1[0m  [["LIMIT", 11]]
  [1m[36mBook Load (0.8ms)[0m  [1m[34mSELECT "books".* FROM "books" ORDER BY "books"."price" ASC[0m
Started GET "/" for 127.0.0.1 at 2020-02-09 13:14:39 +0700
  [1m[35m (1.3ms)[0m  [1m[34mSELECT "schema_migrations"."version" FROM "schema_migrations" ORDER BY "schema_migrations"."version" ASC[0m
Processing by Rails::WelcomeController#index as HTML
  Rendering /home/atjeprahmat/gems/gems/railties-6.0.2.1/lib/rails/templates/rails/welcome/index.html.erb
  Rendered /home/atjeprahmat/gems/gems/railties-6.0.2.1/lib/rails/templates/rails/welcome/index.html.erb (Duration: 4.5ms | Allocations: 309)
Completed 200 OK in 11ms (Views: 5.8ms | ActiveRecord: 0.0ms | Allocations: 1727)


